Arguments: 
  /Users/w-qing/.nvm/versions/node/v10.14.0/bin/node /usr/local/Cellar/yarn/1.12.3/libexec/bin/yarn.js add webpack-dev-server -D

PATH: 
  /Users/w-qing/.nvm/versions/node/v10.14.0/bin:/usr/local/bin:/usr/bin:/bin:/usr/sbin:/sbin

Yarn version: 
  1.12.3

Node version: 
  10.14.0

Platform: 
  darwin x64

Trace: 
  Error: ENOENT: no such file or directory, copyfile '/Users/w-qing/Library/Caches/Yarn/v4/npm-big-js-3.2.0-a5fc298b81b9e0dca2e458824784b65c52ba588e/node_modules/big.js/LICENCE' -> '/Users/w-qing/Desktop/webpack-demo/node_modules/html-webpack-plugin/node_modules/big.js/LICENCE'

npm manifest: 
  {
    "name": "webpack-demo",
    "version": "1.0.0",
    "description": "",
    "main": "index.js",
    "scripts": {
      "test": "echo \"Error: no test specified\" && exit 1",
      "build": "webpack --mode development",
      "watch": "webpack --watch"
    },
    "keywords": [],
    "author": "",
    "license": "ISC",
    "devDependencies": {
      "autoprefixer": "^9.6.1",
      "css-loader": "^3.1.0",
      "file": "^0.2.2",
      "file-loader": "^4.2.0",
      "html-webpack-plugin": "^3.2.0",
      "node-sass": "^4.12.0",
      "sass-loader": "^7.1.0",
      "style-loader": "^0.23.1",
      "webpack": "^4.37.0",
      "webpack-cli": "^3.3.6"
    }
  }

yarn manifest: 
  No manifest

Lockfile: 
  No lockfile
